c:\tools\07p\x64\release\libcrypto-3-x64.dll
c:\tools\07p\07p\x64\release\pch.pch
c:\tools\07p\07p\x64\release\vc143.pdb
c:\tools\07p\07p\x64\release\pch.obj
c:\tools\07p\07p\x64\release\qrcodegen.obj
c:\tools\07p\x64\release\07p.exe
c:\tools\07p\x64\release\07p.pdb
c:\tools\07p\07p\x64\release\07p.ipdb
c:\tools\07p\07p\x64\release\07p.iobj
c:\tools\07p\07p\x64\release\07p.vcxproj.cppwinrt_comp.rsp
c:\tools\07p\07p\x64\release\07p.vcxproj.cppwinrt_plat.rsp
c:\tools\07p\07p\x64\release\07p.vcxproj.mdmerge.rsp
c:\tools\07p\07p\x64\release\07p.vcxproj.midlrt.rsp
c:\tools\07p\07p\x64\release\07p.tlog\07p.write.1u.tlog
c:\tools\07p\07p\x64\release\07p.tlog\cl.command.1.tlog
c:\tools\07p\07p\x64\release\07p.tlog\cl.items.tlog
c:\tools\07p\07p\x64\release\07p.tlog\cl.read.1.tlog
c:\tools\07p\07p\x64\release\07p.tlog\cl.write.1.tlog
c:\tools\07p\07p\x64\release\07p.tlog\link.command.1.tlog
c:\tools\07p\07p\x64\release\07p.tlog\link.read.1.tlog
c:\tools\07p\07p\x64\release\07p.tlog\link.secondary.1.tlog
c:\tools\07p\07p\x64\release\07p.tlog\link.write.1.tlog
